2026-04-20 01:05:39	series=esl-pro-league-season-22-3dmax-vs-natus-vincere-bo3-8DE7JkaEIx9zsdgc6idomL	demo=3dmax-vs-natus-vincere-m2-tarin-p2.dem	attempt=1	reason=python_error_unable to find column "official_end"; valid columns: ["start", "freeze_end", "end", "winner", "reason"]
2026-04-20 09:12:40	series=esl-pro-league-season-22-stage-1-astralis-vs-fluxo-bo3-sWQe-jgKNP3vaioXQrjxgB	demo=astralis-vs-fluxo-m2-inferno-p1.dem	attempt=1	reason=python_error_"Required event 'inferno_startburn' is missing from the events dictionary."
2026-04-20 10:59:42	series=esl-pro-league-season-22-stage-1-g2-vs-b8-bo3-rUWlZLFFckLiQv1C1wSlHb	demo=g2-vs-b8-m1-mirage-p1.dem	attempt=1	reason=python_error_"Required event 'inferno_startburn' is missing from the events dictionary."
2026-04-20 13:34:30	series=esl-pro-league-season-22-stage-1-legacy-vs-nrg-bo3-_uO_eo-VIGwp_pYoaUs9Le	demo=legacy-vs-nrg-m2-nuke-p2.dem	attempt=1	reason=python_error_unable to find column "official_end"; valid columns: ["start", "freeze_end", "end", "winner", "reason"]
2026-04-21 19:53:48	series=iem-cologne-2025-mouz-vs-furia-bo3-vcRyP3J6z_PqEFpfZ5mLyt	demo=mouz-vs-furia-m2-mirage-p2.dem	attempt=1	reason=python_error_unable to find column "official_end"; valid columns: ["start", "freeze_end", "end", "winner", "reason"]
2026-04-21 20:16:08	series=iem-cologne-2025-mouz-vs-liquid-bo3-xc0QfJg7JaJ4cbGBiyDIRF	demo=mouz-vs-liquid-m1-inferno-p2.dem	attempt=1	reason=python_error_unable to find column "official_end"; valid columns: ["start", "freeze_end", "end", "winner", "reason"]
2026-04-21 22:25:41	series=iem-cologne-2025-the-mongolz-vs-natus-vincere-bo3-jwAddb1WR9PRMQexpSMSG8	demo=the-mongolz-vs-natus-vincere-m1-inferno-p1.dem	attempt=1	reason=python_error_"Required event 'inferno_startburn' is missing from the events dictionary."
2026-04-22 00:16:47	series=iem-cologne-2025-stage-1-astralis-vs-b8-bo3-gfOaxz9tLKrJLY-oQt23_2	demo=astralis-vs-b8-m1-mirage-p1.dem	attempt=1	reason=python_error_"Required event 'round_officially_ended' is missing from the events dictionary."
2026-04-22 01:23:44	series=iem-cologne-2025-stage-1-big-vs-pain-bo3-So89pkF9idYLRaqhIPbo1H	demo=big-vs-pain-m3-inferno-p1.dem	attempt=1	reason=python_error_"Required event 'inferno_startburn' is missing from the events dictionary."
2026-04-22 04:49:26	series=iem-dallas-2025-aurora-vs-heroic-bo3-872ZDvS9tk2PrtGeXVe8dJ	demo=aurora-vs-heroic-m1-train-p2.dem	attempt=1	reason=python_error_"Required event 'round_freeze_end' is missing from the events dictionary."
2026-04-24 15:59:05	series=esl-pro-league-season-22-3dmax-vs-natus-vincere-bo3-8DE7JkaEIx9zsdgc6idomL	demo=3dmax-vs-natus-vincere-m2-tarin-p2.dem	attempt=1	reason=python_error_unable to find column "official_end"; valid columns: ["start", "freeze_end", "end", "winner", "reason"]
2026-04-24 15:59:06	series=esl-pro-league-season-22-stage-1-astralis-vs-fluxo-bo3-sWQe-jgKNP3vaioXQrjxgB	demo=astralis-vs-fluxo-m2-inferno-p1.dem	attempt=1	reason=python_error_"Required event 'inferno_startburn' is missing from the events dictionary."
2026-04-24 15:59:08	series=esl-pro-league-season-22-stage-1-g2-vs-b8-bo3-rUWlZLFFckLiQv1C1wSlHb	demo=g2-vs-b8-m1-mirage-p1.dem	attempt=1	reason=python_error_"Required event 'inferno_startburn' is missing from the events dictionary."
2026-04-24 15:59:09	series=esl-pro-league-season-22-stage-1-legacy-vs-nrg-bo3-_uO_eo-VIGwp_pYoaUs9Le	demo=legacy-vs-nrg-m2-nuke-p2.dem	attempt=1	reason=python_error_unable to find column "official_end"; valid columns: ["start", "freeze_end", "end", "winner", "reason"]
2026-04-24 15:59:10	series=iem-cologne-2025-mouz-vs-furia-bo3-vcRyP3J6z_PqEFpfZ5mLyt	demo=mouz-vs-furia-m2-mirage-p2.dem	attempt=1	reason=python_error_unable to find column "official_end"; valid columns: ["start", "freeze_end", "end", "winner", "reason"]
2026-04-24 15:59:11	series=iem-cologne-2025-mouz-vs-liquid-bo3-xc0QfJg7JaJ4cbGBiyDIRF	demo=mouz-vs-liquid-m1-inferno-p2.dem	attempt=1	reason=python_error_unable to find column "official_end"; valid columns: ["start", "freeze_end", "end", "winner", "reason"]
2026-04-24 15:59:13	series=iem-cologne-2025-the-mongolz-vs-natus-vincere-bo3-jwAddb1WR9PRMQexpSMSG8	demo=the-mongolz-vs-natus-vincere-m1-inferno-p1.dem	attempt=1	reason=python_error_"Required event 'inferno_startburn' is missing from the events dictionary."
2026-04-24 15:59:14	series=iem-cologne-2025-stage-1-astralis-vs-b8-bo3-gfOaxz9tLKrJLY-oQt23_2	demo=astralis-vs-b8-m1-mirage-p1.dem	attempt=1	reason=python_error_"Required event 'round_officially_ended' is missing from the events dictionary."
2026-04-24 15:59:16	series=iem-cologne-2025-stage-1-big-vs-pain-bo3-So89pkF9idYLRaqhIPbo1H	demo=big-vs-pain-m3-inferno-p1.dem	attempt=1	reason=python_error_"Required event 'inferno_startburn' is missing from the events dictionary."
2026-04-24 15:59:17	series=iem-dallas-2025-aurora-vs-heroic-bo3-872ZDvS9tk2PrtGeXVe8dJ	demo=aurora-vs-heroic-m1-train-p2.dem	attempt=1	reason=python_error_"Required event 'round_freeze_end' is missing from the events dictionary."
